<?xml version="1.0" encoding="UTF-8"?>
<testsuite xmlns:xsi="http://www.w3.org/2001/XMLSchema-instance" xsi:noNamespaceSchemaLocation="https://maven.apache.org/surefire/maven-surefire-plugin/xsd/surefire-test-report.xsd" name="fr.simplex_software.micro_services_without_spring.customers.tests.TestCustomers" time="0.714" tests="7" errors="0" skipped="0" failures="0">
  <properties>
[...]
</properties>
  <testcase name="testGetCustomers" classname="fr.simplex_software.micro_services_without_spring.customers.tests.TestCustomers" time="0.594"/>
  <testcase name="testGetCustomerByRef" classname="fr.simplex_software.micro_services_without_spring.customers.tests.TestCustomers" time="0.005"/>
  <testcase name="testUpdateCustomer" classname="fr.simplex_software.micro_services_without_spring.customers.tests.TestCustomers" time="0.013"/>
  <testcase name="testCreateCustomer" classname="fr.simplex_software.micro_services_without_spring.customers.tests.TestCustomers" time="0.004"/>
  <testcase name="testGetCustomerIdByRef" classname="fr.simplex_software.micro_services_without_spring.customers.tests.TestCustomers" time="0.004"/>
  <testcase name="testDeleteCustomer" classname="fr.simplex_software.micro_services_without_spring.customers.tests.TestCustomers" time="0.003"/>
  <testcase name="testGetCustomer" classname="fr.simplex_software.micro_services_without_spring.customers.tests.TestCustomers" time="0.003"/>
</testsuite>